<?xml version="1.0" encoding="UTF-8"?>
<testng-results ignored="0" total="1" passed="1" failed="0" skipped="0">
  <reporter-output>
  </reporter-output>
  <suite started-at="2023-07-18T21:14:39 IST" name="Default suite" finished-at="2023-07-18T21:15:12 IST" duration-ms="32661">
    <groups>
    </groups>
    <test started-at="2023-07-18T21:14:39 IST" name="Default test" finished-at="2023-07-18T21:15:12 IST" duration-ms="32661">
      <class name="HomePage.verifyTheHomePage">
        <test-method signature="toVerifyTheHomePage()[pri:0, instance:HomePage.verifyTheHomePage@558bdf1f]" started-at="2023-07-18T21:14:39 IST" name="toVerifyTheHomePage" finished-at="2023-07-18T21:15:11 IST" duration-ms="32411" status="PASS">
          <reporter-output>
          </reporter-output>
        </test-method> <!-- toVerifyTheHomePage -->
      </class> <!-- HomePage.verifyTheHomePage -->
    </test> <!-- Default test -->
  </suite> <!-- Default suite -->
</testng-results>
